DEPRECATION WARNING: ActionController::Base.cookie_verifier_secret= is deprecated. Please configure it on your application with config.secret_token=. (called from <top (required)> at /media/DATA/Projects/study/Univer/Diplom/Slava/banker-mongodb-rails3-sample-212967b/config/initializers/cookie_verification_secret.rb:7)
DEPRECATION WARNING: ActionController::Base.session= is deprecated. Please configure it on your application with config.session_store :cookie_store, :key => '....'. (called from <top (required)> at /media/DATA/Projects/study/Univer/Diplom/Slava/banker-mongodb-rails3-sample-212967b/config/initializers/session_store.rb:7)
DEPRECATION WARNING: You are using the old router DSL which will be removed in Rails 3.1. Please check how to update your routes file at: http://www.engineyard.com/blog/2010/the-lowdown-on-routes-in-rails-3/. (called from <top (required)> at /media/DATA/Projects/study/Univer/Diplom/Slava/banker-mongodb-rails3-sample-212967b/config/routes.rb:1)
DEPRECATION WARNING: ActionController::Base.cookie_verifier_secret= is deprecated. Please configure it on your application with config.secret_token=. (called from <top (required)> at /media/DATA/Projects/study/Univer/Diplom/Slava/banker-mongodb-rails3-sample-212967b/config/initializers/cookie_verification_secret.rb:7)
DEPRECATION WARNING: ActionController::Base.session= is deprecated. Please configure it on your application with config.session_store :cookie_store, :key => '....'. (called from <top (required)> at /media/DATA/Projects/study/Univer/Diplom/Slava/banker-mongodb-rails3-sample-212967b/config/initializers/session_store.rb:7)
DEPRECATION WARNING: You are using the old router DSL which will be removed in Rails 3.1. Please check how to update your routes file at: http://www.engineyard.com/blog/2010/the-lowdown-on-routes-in-rails-3/. (called from <top (required)> at /media/DATA/Projects/study/Univer/Diplom/Slava/banker-mongodb-rails3-sample-212967b/config/routes.rb:1)
DEPRECATION WARNING: ActionController::Base.cookie_verifier_secret= is deprecated. Please configure it on your application with config.secret_token=. (called from <top (required)> at /media/DATA/Projects/study/Univer/Diplom/Slava/banker-mongodb-rails3-sample-212967b/config/initializers/cookie_verification_secret.rb:7)
DEPRECATION WARNING: ActionController::Base.session= is deprecated. Please configure it on your application with config.session_store :cookie_store, :key => '....'. (called from <top (required)> at /media/DATA/Projects/study/Univer/Diplom/Slava/banker-mongodb-rails3-sample-212967b/config/initializers/session_store.rb:7)
DEPRECATION WARNING: You are using the old router DSL which will be removed in Rails 3.1. Please check how to update your routes file at: http://www.engineyard.com/blog/2010/the-lowdown-on-routes-in-rails-3/. (called from <top (required)> at /media/DATA/Projects/study/Univer/Diplom/Slava/banker-mongodb-rails3-sample-212967b/config/routes.rb:1)
DEPRECATION WARNING: ActionController::Base.cookie_verifier_secret= is deprecated. Please configure it on your application with config.secret_token=. (called from <top (required)> at /media/DATA/Projects/study/Univer/Diplom/Slava/banker-mongodb-rails3-sample-212967b/config/initializers/cookie_verification_secret.rb:7)
DEPRECATION WARNING: ActionController::Base.session= is deprecated. Please configure it on your application with config.session_store :cookie_store, :key => '....'. (called from <top (required)> at /media/DATA/Projects/study/Univer/Diplom/Slava/banker-mongodb-rails3-sample-212967b/config/initializers/session_store.rb:7)
DEPRECATION WARNING: You are using the old router DSL which will be removed in Rails 3.1. Please check how to update your routes file at: http://www.engineyard.com/blog/2010/the-lowdown-on-routes-in-rails-3/. (called from <top (required)> at /media/DATA/Projects/study/Univer/Diplom/Slava/banker-mongodb-rails3-sample-212967b/config/routes.rb:1)
DEPRECATION WARNING: ActionController::Base.cookie_verifier_secret= is deprecated. Please configure it on your application with config.secret_token=. (called from <top (required)> at /media/DATA/Projects/study/Univer/Diplom/Slava/banker-mongodb-rails3-sample-212967b/config/initializers/cookie_verification_secret.rb:7)
DEPRECATION WARNING: ActionController::Base.session= is deprecated. Please configure it on your application with config.session_store :cookie_store, :key => '....'. (called from <top (required)> at /media/DATA/Projects/study/Univer/Diplom/Slava/banker-mongodb-rails3-sample-212967b/config/initializers/session_store.rb:7)
DEPRECATION WARNING: You are using the old router DSL which will be removed in Rails 3.1. Please check how to update your routes file at: http://www.engineyard.com/blog/2010/the-lowdown-on-routes-in-rails-3/. (called from <top (required)> at /media/DATA/Projects/study/Univer/Diplom/Slava/banker-mongodb-rails3-sample-212967b/config/routes.rb:1)


Started GET "/home" for 127.0.0.1 at 2011-06-16 17:21:24 +0300

ActionController::RoutingError (No route matches "/home"):
  

Rendered /home/skripatch/.rvm/gems/ruby-1.9.2-p0/gems/actionpack-3.0.3/lib/action_dispatch/middleware/templates/rescues/routing_error.erb within rescues/layout (1.1ms)


Started GET "/control" for 127.0.0.1 at 2011-06-17 14:19:43 +0300
DEPRECATION WARNING: You are using the old router DSL which will be removed in Rails 3.1. Please check how to update your routes file at: http://www.engineyard.com/blog/2010/the-lowdown-on-routes-in-rails-3/. (called from <top (required)> at /media/DATA/Projects/study/Univer/Diplom/Slava/banker-mongodb-rails3-sample-212967b/config/routes.rb:1)

ActionController::RoutingError (No route matches "/control"):
  

Rendered /home/skripatch/.rvm/gems/ruby-1.9.2-p0/gems/actionpack-3.0.3/lib/action_dispatch/middleware/templates/rescues/routing_error.erb within rescues/layout (34.8ms)
DEPRECATION WARNING: ActionController::Base.cookie_verifier_secret= is deprecated. Please configure it on your application with config.secret_token=. (called from <top (required)> at /media/DATA/Projects/study/Univer/Diplom/Slava/banker-mongodb-rails3-sample-212967b/config/initializers/cookie_verification_secret.rb:7)
DEPRECATION WARNING: ActionController::Base.session= is deprecated. Please configure it on your application with config.session_store :cookie_store, :key => '....'. (called from <top (required)> at /media/DATA/Projects/study/Univer/Diplom/Slava/banker-mongodb-rails3-sample-212967b/config/initializers/session_store.rb:7)
DEPRECATION WARNING: You are using the old router DSL which will be removed in Rails 3.1. Please check how to update your routes file at: http://www.engineyard.com/blog/2010/the-lowdown-on-routes-in-rails-3/. (called from <top (required)> at /media/DATA/Projects/study/Univer/Diplom/Slava/banker-mongodb-rails3-sample-212967b/config/routes.rb:1)


Started GET "/home" for 127.0.0.1 at 2011-06-17 15:07:56 +0300

ActionController::RoutingError (No route matches "/home"):
  

Rendered /home/skripatch/.rvm/gems/ruby-1.9.2-p0/gems/actionpack-3.0.3/lib/action_dispatch/middleware/templates/rescues/routing_error.erb within rescues/layout (1.5ms)
DEPRECATION WARNING: ActionController::Base.cookie_verifier_secret= is deprecated. Please configure it on your application with config.secret_token=. (called from <top (required)> at /media/DATA/Projects/study/Univer/Diplom/Slava/banker-mongodb-rails3-sample-212967b/config/initializers/cookie_verification_secret.rb:7)
DEPRECATION WARNING: ActionController::Base.session= is deprecated. Please configure it on your application with config.session_store :cookie_store, :key => '....'. (called from <top (required)> at /media/DATA/Projects/study/Univer/Diplom/Slava/banker-mongodb-rails3-sample-212967b/config/initializers/session_store.rb:7)
DEPRECATION WARNING: You are using the old router DSL which will be removed in Rails 3.1. Please check how to update your routes file at: http://www.engineyard.com/blog/2010/the-lowdown-on-routes-in-rails-3/. (called from <top (required)> at /media/DATA/Projects/study/Univer/Diplom/Slava/banker-mongodb-rails3-sample-212967b/config/routes.rb:1)
DEPRECATION WARNING: ActionController::Base.cookie_verifier_secret= is deprecated. Please configure it on your application with config.secret_token=. (called from <top (required)> at /media/DATA/Projects/study/Univer/Diplom/Slava/banker-mongodb-rails3-sample-212967b/config/initializers/cookie_verification_secret.rb:7)
DEPRECATION WARNING: ActionController::Base.session= is deprecated. Please configure it on your application with config.session_store :cookie_store, :key => '....'. (called from <top (required)> at /media/DATA/Projects/study/Univer/Diplom/Slava/banker-mongodb-rails3-sample-212967b/config/initializers/session_store.rb:7)
DEPRECATION WARNING: You are using the old router DSL which will be removed in Rails 3.1. Please check how to update your routes file at: http://www.engineyard.com/blog/2010/the-lowdown-on-routes-in-rails-3/. (called from <top (required)> at /media/DATA/Projects/study/Univer/Diplom/Slava/banker-mongodb-rails3-sample-212967b/config/routes.rb:1)
DEPRECATION WARNING: ActionController::Base.cookie_verifier_secret= is deprecated. Please configure it on your application with config.secret_token=. (called from <top (required)> at /media/DATA/Projects/study/Univer/Diplom/Slava/banker-mongodb-rails3-sample-212967b/config/initializers/cookie_verification_secret.rb:7)
DEPRECATION WARNING: ActionController::Base.session= is deprecated. Please configure it on your application with config.session_store :cookie_store, :key => '....'. (called from <top (required)> at /media/DATA/Projects/study/Univer/Diplom/Slava/banker-mongodb-rails3-sample-212967b/config/initializers/session_store.rb:7)
DEPRECATION WARNING: You are using the old router DSL which will be removed in Rails 3.1. Please check how to update your routes file at: http://www.engineyard.com/blog/2010/the-lowdown-on-routes-in-rails-3/. (called from <top (required)> at /media/DATA/Projects/study/Univer/Diplom/Slava/banker-mongodb-rails3-sample-212967b/config/routes.rb:1)


Started GET "/home" for 127.0.0.1 at 2011-06-17 15:17:27 +0300

ActionController::RoutingError (No route matches "/home"):
  

Rendered /home/skripatch/.rvm/gems/ruby-1.9.2-p0/gems/actionpack-3.0.3/lib/action_dispatch/middleware/templates/rescues/routing_error.erb within rescues/layout (1.3ms)


Started GET "/home" for 127.0.0.1 at 2011-06-17 15:17:57 +0300
DEPRECATION WARNING: You are using the old router DSL which will be removed in Rails 3.1. Please check how to update your routes file at: http://www.engineyard.com/blog/2010/the-lowdown-on-routes-in-rails-3/. (called from <top (required)> at /media/DATA/Projects/study/Univer/Diplom/Slava/banker-mongodb-rails3-sample-212967b/config/routes.rb:1)

ActionController::RoutingError (No route matches "/home"):
  

Rendered /home/skripatch/.rvm/gems/ruby-1.9.2-p0/gems/actionpack-3.0.3/lib/action_dispatch/middleware/templates/rescues/routing_error.erb within rescues/layout (1.1ms)


Started GET "/home" for 127.0.0.1 at 2011-06-17 15:18:00 +0300

ActionController::RoutingError (No route matches "/home"):
  

Rendered /home/skripatch/.rvm/gems/ruby-1.9.2-p0/gems/actionpack-3.0.3/lib/action_dispatch/middleware/templates/rescues/routing_error.erb within rescues/layout (1.1ms)


Started GET "/home" for 127.0.0.1 at 2011-06-17 15:36:17 +0300

ActionController::RoutingError (No route matches "/home"):
  

Rendered /home/skripatch/.rvm/gems/ruby-1.9.2-p0/gems/actionpack-3.0.3/lib/action_dispatch/middleware/templates/rescues/routing_error.erb within rescues/layout (1.3ms)


Started GET "/home/index" for 127.0.0.1 at 2011-06-17 15:36:23 +0300
  Processing by HomeController#index as HTML
Rendered home/index.html.erb (0.5ms)
Completed 200 OK in 1666ms (Views: 10.6ms)


Started GET "/home/index" for 127.0.0.1 at 2011-06-17 15:37:13 +0300
DEPRECATION WARNING: You are using the old router DSL which will be removed in Rails 3.1. Please check how to update your routes file at: http://www.engineyard.com/blog/2010/the-lowdown-on-routes-in-rails-3/. (called from <top (required)> at /media/DATA/Projects/study/Univer/Diplom/Slava/banker-mongodb-rails3-sample-212967b/config/routes.rb:1)

ArgumentError (missing :controller):
  config/routes.rb:2:in `block in <top (required)>'
  config/routes.rb:1:in `<top (required)>'

Rendered /home/skripatch/.rvm/gems/ruby-1.9.2-p0/gems/actionpack-3.0.3/lib/action_dispatch/middleware/templates/rescues/_trace.erb (1.3ms)
Rendered /home/skripatch/.rvm/gems/ruby-1.9.2-p0/gems/actionpack-3.0.3/lib/action_dispatch/middleware/templates/rescues/_request_and_response.erb (1.2ms)
Rendered /home/skripatch/.rvm/gems/ruby-1.9.2-p0/gems/actionpack-3.0.3/lib/action_dispatch/middleware/templates/rescues/diagnostics.erb within rescues/layout (7.1ms)


Started GET "/home/index" for 127.0.0.1 at 2011-06-17 15:37:36 +0300
DEPRECATION WARNING: You are using the old router DSL which will be removed in Rails 3.1. Please check how to update your routes file at: http://www.engineyard.com/blog/2010/the-lowdown-on-routes-in-rails-3/. (called from <top (required)> at /media/DATA/Projects/study/Univer/Diplom/Slava/banker-mongodb-rails3-sample-212967b/config/routes.rb:1)
  Processing by HomeController#index as HTML
Rendered home/index.html.erb (0.5ms)
Completed 200 OK in 24ms (Views: 10.7ms)
DEPRECATION WARNING: ActionController::Base.cookie_verifier_secret= is deprecated. Please configure it on your application with config.secret_token=. (called from <top (required)> at /media/DATA/Projects/study/Univer/Diplom/Slava/banker-mongodb-rails3-sample-212967b/config/initializers/cookie_verification_secret.rb:7)
DEPRECATION WARNING: ActionController::Base.session= is deprecated. Please configure it on your application with config.session_store :cookie_store, :key => '....'. (called from <top (required)> at /media/DATA/Projects/study/Univer/Diplom/Slava/banker-mongodb-rails3-sample-212967b/config/initializers/session_store.rb:7)
DEPRECATION WARNING: You are using the old router DSL which will be removed in Rails 3.1. Please check how to update your routes file at: http://www.engineyard.com/blog/2010/the-lowdown-on-routes-in-rails-3/. (called from <top (required)> at /media/DATA/Projects/study/Univer/Diplom/Slava/banker-mongodb-rails3-sample-212967b/config/routes.rb:1)
DEPRECATION WARNING: ActionController::Base.cookie_verifier_secret= is deprecated. Please configure it on your application with config.secret_token=. (called from <top (required)> at /media/DATA/Projects/study/Univer/Diplom/Slava/banker-mongodb-rails3-sample-212967b/config/initializers/cookie_verification_secret.rb:7)
DEPRECATION WARNING: ActionController::Base.session= is deprecated. Please configure it on your application with config.session_store :cookie_store, :key => '....'. (called from <top (required)> at /media/DATA/Projects/study/Univer/Diplom/Slava/banker-mongodb-rails3-sample-212967b/config/initializers/session_store.rb:7)
DEPRECATION WARNING: You are using the old router DSL which will be removed in Rails 3.1. Please check how to update your routes file at: http://www.engineyard.com/blog/2010/the-lowdown-on-routes-in-rails-3/. (called from <top (required)> at /media/DATA/Projects/study/Univer/Diplom/Slava/banker-mongodb-rails3-sample-212967b/config/routes.rb:1)


Started GET "/users" for 127.0.0.1 at 2011-06-17 16:42:34 +0300

ActionController::RoutingError (uninitialized constant UsersController):
  

Rendered /home/skripatch/.rvm/gems/ruby-1.9.2-p0/gems/actionpack-3.0.3/lib/action_dispatch/middleware/templates/rescues/routing_error.erb within rescues/layout (1.2ms)


Started GET "/users" for 127.0.0.1 at 2011-06-17 16:43:27 +0300
DEPRECATION WARNING: You are using the old router DSL which will be removed in Rails 3.1. Please check how to update your routes file at: http://www.engineyard.com/blog/2010/the-lowdown-on-routes-in-rails-3/. (called from <top (required)> at /media/DATA/Projects/study/Univer/Diplom/Slava/banker-mongodb-rails3-sample-212967b/config/routes.rb:1)

ActionController::RoutingError (No route matches "/users"):
  

Rendered /home/skripatch/.rvm/gems/ruby-1.9.2-p0/gems/actionpack-3.0.3/lib/action_dispatch/middleware/templates/rescues/routing_error.erb within rescues/layout (0.9ms)


Started GET "/user" for 127.0.0.1 at 2011-06-17 16:43:31 +0300
  Processing by UserController#index as HTML
Rendered user/index.html.erb (29.7ms)
Completed   in 1157ms

ActionView::Template::Error (undefined local variable or method `will_paginate' for #<#<Class:0x9215cd8>:0x9214450>):
    1: <% if params[:action]=='contacts' %>
    2: <% end %>
    3: <%= will_paginate %>
    4: <% @users.each do |user| %>
    5:     <div class="baloon">
    6:     <b><%= link_to user.name, user %></b>
  app/views/user/index.html.erb:3:in `_app_views_user_index_html_erb__527504512_76584460_865889729'
  app/controllers/user_controller.rb:6:in `index'

Rendered /home/skripatch/.rvm/gems/ruby-1.9.2-p0/gems/actionpack-3.0.3/lib/action_dispatch/middleware/templates/rescues/_trace.erb (1.4ms)
Rendered /home/skripatch/.rvm/gems/ruby-1.9.2-p0/gems/actionpack-3.0.3/lib/action_dispatch/middleware/templates/rescues/_request_and_response.erb (2.8ms)
Rendered /home/skripatch/.rvm/gems/ruby-1.9.2-p0/gems/actionpack-3.0.3/lib/action_dispatch/middleware/templates/rescues/template_error.erb within rescues/layout (21.8ms)


Started GET "/user" for 127.0.0.1 at 2011-06-17 16:44:16 +0300
  Processing by UserController#index as HTML
Rendered user/index.html.erb (1.5ms)
Completed 200 OK in 46ms (Views: 13.7ms)


Started GET "/user" for 127.0.0.1 at 2011-06-17 16:44:25 +0300
  Processing by UserController#index as HTML
Rendered user/index.html.erb (1.2ms)
Completed 200 OK in 23ms (Views: 11.5ms)


Started GET "/user" for 127.0.0.1 at 2011-06-17 16:44:55 +0300
  Processing by UserController#index as HTML
Rendered user/index.html.erb (1.3ms)
Completed 200 OK in 44ms (Views: 13.1ms)


Started GET "/user/new" for 127.0.0.1 at 2011-06-17 16:45:29 +0300
  Processing by UserController#new as HTML
Rendered user/_form.html.erb (1.9ms)
Rendered user/new.html.erb (5.6ms)
Completed   in 32ms

ActionView::Template::Error (No route matches {:controller=>"users"}):
    1: <%= form_for(@user) do |f| %>
    2:   <% if @user.errors.any? %>
    3:     <div id="error_explanation">
    4:       <h2><%= pluralize(@user.errors.count, "error") %> prohibited this user from being saved:</h2>
  app/views/user/_form.html.erb:1:in `_app_views_user__form_html_erb__607138103_75017960__975243778'
  app/views/user/new.html.erb:3:in `_app_views_user_new_html_erb__221514421_75059160_865889729'
  app/controllers/user_controller.rb:15:in `new'

Rendered /home/skripatch/.rvm/gems/ruby-1.9.2-p0/gems/actionpack-3.0.3/lib/action_dispatch/middleware/templates/rescues/_trace.erb (1.2ms)
Rendered /home/skripatch/.rvm/gems/ruby-1.9.2-p0/gems/actionpack-3.0.3/lib/action_dispatch/middleware/templates/rescues/_request_and_response.erb (2.8ms)
Rendered /home/skripatch/.rvm/gems/ruby-1.9.2-p0/gems/actionpack-3.0.3/lib/action_dispatch/middleware/templates/rescues/template_error.erb within rescues/layout (8.4ms)


Started GET "/user/new" for 127.0.0.1 at 2011-06-17 16:48:38 +0300
DEPRECATION WARNING: You are using the old router DSL which will be removed in Rails 3.1. Please check how to update your routes file at: http://www.engineyard.com/blog/2010/the-lowdown-on-routes-in-rails-3/. (called from <top (required)> at /media/DATA/Projects/study/Univer/Diplom/Slava/banker-mongodb-rails3-sample-212967b/config/routes.rb:1)

ActionController::RoutingError (No route matches "/user/new"):
  

Rendered /home/skripatch/.rvm/gems/ruby-1.9.2-p0/gems/actionpack-3.0.3/lib/action_dispatch/middleware/templates/rescues/routing_error.erb within rescues/layout (0.9ms)


Started GET "/users/new" for 127.0.0.1 at 2011-06-17 16:48:43 +0300

LoadError (Expected /media/DATA/Projects/study/Univer/Diplom/Slava/banker-mongodb-rails3-sample-212967b/app/controllers/users_controller.rb to define UsersController):
  

Rendered /home/skripatch/.rvm/gems/ruby-1.9.2-p0/gems/actionpack-3.0.3/lib/action_dispatch/middleware/templates/rescues/_trace.erb (1.5ms)
Rendered /home/skripatch/.rvm/gems/ruby-1.9.2-p0/gems/actionpack-3.0.3/lib/action_dispatch/middleware/templates/rescues/_request_and_response.erb (1.4ms)
Rendered /home/skripatch/.rvm/gems/ruby-1.9.2-p0/gems/actionpack-3.0.3/lib/action_dispatch/middleware/templates/rescues/diagnostics.erb within rescues/layout (8.0ms)


Started GET "/users/new" for 127.0.0.1 at 2011-06-17 16:51:35 +0300
  Processing by UsersController#new as HTML
Rendered users/_form.html.erb (69.2ms)
Rendered users/new.html.erb (73.0ms)
Completed   in 115ms

ActionView::Template::Error (undefined method `phone' for #<User:0x9214d10>):
    17:   </div>
    18:   <div class="field">
    19:     <%= f.label :phone %><br />
    20:     <%= f.text_field :phone %>
    21:   </div>
    22:   <div class="field">
    23:     <%= f.label :password %><br />
  app/views/users/_form.html.erb:20:in `block in _app_views_users__form_html_erb___898036639_76568760__975243778'
  app/views/users/_form.html.erb:1:in `_app_views_users__form_html_erb___898036639_76568760__975243778'
  app/views/users/new.html.erb:3:in `_app_views_users_new_html_erb__427790268_76577270_865889729'
  app/controllers/users_controller.rb:15:in `new'

Rendered /home/skripatch/.rvm/gems/ruby-1.9.2-p0/gems/actionpack-3.0.3/lib/action_dispatch/middleware/templates/rescues/_trace.erb (1.2ms)
Rendered /home/skripatch/.rvm/gems/ruby-1.9.2-p0/gems/actionpack-3.0.3/lib/action_dispatch/middleware/templates/rescues/_request_and_response.erb (3.0ms)
Rendered /home/skripatch/.rvm/gems/ruby-1.9.2-p0/gems/actionpack-3.0.3/lib/action_dispatch/middleware/templates/rescues/template_error.erb within rescues/layout (8.4ms)


Started GET "/users/new" for 127.0.0.1 at 2011-06-17 16:52:11 +0300
  Processing by UsersController#new as HTML
Rendered users/_form.html.erb (2.8ms)
Rendered users/new.html.erb (7.9ms)
Completed 200 OK in 50ms (Views: 18.8ms)


Started POST "/users" for 127.0.0.1 at 2011-06-17 16:52:17 +0300
  Processing by UsersController#create as HTML
  Parameters: {"utf8"=>"✓", "authenticity_token"=>"7DcebNAepCjkAilhFvI8emIhccUg6TmsG5dGPgkxybc=", "user"=>{"name"=>"Slava"}, "commit"=>"Create User"}
Redirected to http://localhost:3000/users/4dfb5c117ebd0b24e9000007
Completed 302 Found in 13ms


Started GET "/users/4dfb5c117ebd0b24e9000007" for 127.0.0.1 at 2011-06-17 16:52:17 +0300
  Processing by UsersController#show as HTML
  Parameters: {"id"=>"4dfb5c117ebd0b24e9000007"}
Rendered users/show.html.erb (1.4ms)
Completed   in 673ms

ActionView::Template::Error (undefined method `phone' for #<User:0x92874c8>):
    5: 
    6: <p>
    7:   <b>Phone:</b>
    8:   <%= @user.phone %>
    9: </p>
    10: <% unless current_user?(@user) %>
    11: <div id="contact_form_<%= @user.id %>" style="float:right">
  app/views/users/show.html.erb:8:in `_app_views_users_show_html_erb___698763661_76786020_865889729'

Rendered /home/skripatch/.rvm/gems/ruby-1.9.2-p0/gems/actionpack-3.0.3/lib/action_dispatch/middleware/templates/rescues/_trace.erb (1.2ms)
Rendered /home/skripatch/.rvm/gems/ruby-1.9.2-p0/gems/actionpack-3.0.3/lib/action_dispatch/middleware/templates/rescues/_request_and_response.erb (3.1ms)
Rendered /home/skripatch/.rvm/gems/ruby-1.9.2-p0/gems/actionpack-3.0.3/lib/action_dispatch/middleware/templates/rescues/template_error.erb within rescues/layout (9.0ms)


Started GET "/users/4dfb5c117ebd0b24e9000007" for 127.0.0.1 at 2011-06-17 16:52:45 +0300
  Processing by UsersController#show as HTML
  Parameters: {"id"=>"4dfb5c117ebd0b24e9000007"}
Rendered users/show.html.erb (7.5ms)
Completed   in 30ms

ActionView::Template::Error (undefined method `current_user?' for #<#<Class:0x8812a74>:0x87feb78>):
    3:   <%= @user.name %>
    4: </p>
    5: 
    6: <% unless current_user?(@user) %>
    7: <div id="contact_form_<%= @user.id %>" style="float:right">
    8:   <% if not Relationship.exists?(@user, current_user) %>
    9:     <%= render 'addcontact', :contact => @user %>
  app/views/users/show.html.erb:6:in `_app_views_users_show_html_erb___698763661_71264120_865889729'

Rendered /home/skripatch/.rvm/gems/ruby-1.9.2-p0/gems/actionpack-3.0.3/lib/action_dispatch/middleware/templates/rescues/_trace.erb (1.3ms)
Rendered /home/skripatch/.rvm/gems/ruby-1.9.2-p0/gems/actionpack-3.0.3/lib/action_dispatch/middleware/templates/rescues/_request_and_response.erb (3.3ms)
Rendered /home/skripatch/.rvm/gems/ruby-1.9.2-p0/gems/actionpack-3.0.3/lib/action_dispatch/middleware/templates/rescues/template_error.erb within rescues/layout (15.6ms)


Started GET "/users/4dfb5c117ebd0b24e9000007" for 127.0.0.1 at 2011-06-17 16:53:14 +0300
  Processing by UsersController#show as HTML
  Parameters: {"id"=>"4dfb5c117ebd0b24e9000007"}
Rendered users/show.html.erb (1.2ms)
Completed 200 OK in 24ms (Views: 12.0ms)


Started GET "/users/" for 127.0.0.1 at 2011-06-17 16:53:28 +0300
  Processing by UsersController#index as HTML
Rendered users/index.html.erb (8.2ms)
Completed   in 32ms

ActionView::Template::Error (undefined method `current_user?' for #<#<Class:0x91f1aa4>:0x91ef524>):
    3: <% @users.each do |user| %>
    4:     <div class="baloon">
    5:     <b><%= link_to user.name, user %></b>
    6:     <% unless current_user?(user) %>
    7:       <div id="contact_form_<%= user.id %>" style="float:right">
    8:         <% if not Relationship.exists?(user, current_user) %>
    9:           <%= render 'addcontact', :contact => user %>
  app/views/users/index.html.erb:6:in `block in _app_views_users_index_html_erb__1004724792_76313300_865889729'
  app/views/users/index.html.erb:3:in `each'
  app/views/users/index.html.erb:3:in `_app_views_users_index_html_erb__1004724792_76313300_865889729'
  app/controllers/users_controller.rb:6:in `index'

Rendered /home/skripatch/.rvm/gems/ruby-1.9.2-p0/gems/actionpack-3.0.3/lib/action_dispatch/middleware/templates/rescues/_trace.erb (1.4ms)
Rendered /home/skripatch/.rvm/gems/ruby-1.9.2-p0/gems/actionpack-3.0.3/lib/action_dispatch/middleware/templates/rescues/_request_and_response.erb (3.2ms)
Rendered /home/skripatch/.rvm/gems/ruby-1.9.2-p0/gems/actionpack-3.0.3/lib/action_dispatch/middleware/templates/rescues/template_error.erb within rescues/layout (11.1ms)


Started GET "/users/" for 127.0.0.1 at 2011-06-17 16:55:01 +0300
  Processing by UsersController#index as HTML
Rendered users/index.html.erb (8.2ms)
Completed   in 53ms

ActionView::Template::Error (undefined local variable or method `current_user' for #<#<Class:0x927d130>:0x9276e0c>):
    4:     <div class="baloon">
    5:     <b><%= link_to user.name, user %></b>
    6: 
    7:     <% if current_user.is_admin? %>
    8:       <%= link_to 'Edit', edit_user_path(user) %>
    9:       <%= link_to 'Remove', user, :confirm => 'Are you sure?', :method => :delete,
    10:                                 :title => "Delete #{user.name}" %>
  app/views/users/index.html.erb:7:in `block in _app_views_users_index_html_erb__1004724792_76786850_865889729'
  app/views/users/index.html.erb:3:in `each'
  app/views/users/index.html.erb:3:in `_app_views_users_index_html_erb__1004724792_76786850_865889729'
  app/controllers/users_controller.rb:6:in `index'

Rendered /home/skripatch/.rvm/gems/ruby-1.9.2-p0/gems/actionpack-3.0.3/lib/action_dispatch/middleware/templates/rescues/_trace.erb (1.4ms)
Rendered /home/skripatch/.rvm/gems/ruby-1.9.2-p0/gems/actionpack-3.0.3/lib/action_dispatch/middleware/templates/rescues/_request_and_response.erb (3.4ms)
Rendered /home/skripatch/.rvm/gems/ruby-1.9.2-p0/gems/actionpack-3.0.3/lib/action_dispatch/middleware/templates/rescues/template_error.erb within rescues/layout (9.0ms)


Started GET "/users/" for 127.0.0.1 at 2011-06-17 16:55:15 +0300
  Processing by UsersController#index as HTML
Rendered users/index.html.erb (1.5ms)
Completed 200 OK in 25ms (Views: 13.1ms)


Started GET "/users/4dfb5c117ebd0b24e9000007" for 127.0.0.1 at 2011-06-17 16:55:22 +0300
  Processing by UsersController#show as HTML
  Parameters: {"id"=>"4dfb5c117ebd0b24e9000007"}
Rendered users/show.html.erb (1.1ms)
Completed 200 OK in 25ms (Views: 12.2ms)


Started GET "/users" for 127.0.0.1 at 2011-06-17 16:55:24 +0300
  Processing by UsersController#index as HTML
Rendered users/index.html.erb (1.4ms)
Completed 200 OK in 23ms (Views: 11.7ms)
DEPRECATION WARNING: ActionController::Base.cookie_verifier_secret= is deprecated. Please configure it on your application with config.secret_token=. (called from <top (required)> at /media/DATA/Projects/study/Univer/Diplom/Slava/banker-mongodb-rails3-sample-212967b/config/initializers/cookie_verification_secret.rb:7)
DEPRECATION WARNING: ActionController::Base.session= is deprecated. Please configure it on your application with config.session_store :cookie_store, :key => '....'. (called from <top (required)> at /media/DATA/Projects/study/Univer/Diplom/Slava/banker-mongodb-rails3-sample-212967b/config/initializers/session_store.rb:7)
DEPRECATION WARNING: You are using the old router DSL which will be removed in Rails 3.1. Please check how to update your routes file at: http://www.engineyard.com/blog/2010/the-lowdown-on-routes-in-rails-3/. (called from <top (required)> at /media/DATA/Projects/study/Univer/Diplom/Slava/banker-mongodb-rails3-sample-212967b/config/routes.rb:1)
DEPRECATION WARNING: ActionController::Base.cookie_verifier_secret= is deprecated. Please configure it on your application with config.secret_token=. (called from <top (required)> at /media/DATA/Projects/study/Univer/Diplom/Slava/banker-mongodb-rails3-sample-212967b/config/initializers/cookie_verification_secret.rb:7)
DEPRECATION WARNING: ActionController::Base.session= is deprecated. Please configure it on your application with config.session_store :cookie_store, :key => '....'. (called from <top (required)> at /media/DATA/Projects/study/Univer/Diplom/Slava/banker-mongodb-rails3-sample-212967b/config/initializers/session_store.rb:7)
DEPRECATION WARNING: You are using the old router DSL which will be removed in Rails 3.1. Please check how to update your routes file at: http://www.engineyard.com/blog/2010/the-lowdown-on-routes-in-rails-3/. (called from <top (required)> at /media/DATA/Projects/study/Univer/Diplom/Slava/banker-mongodb-rails3-sample-212967b/config/routes.rb:1)
DEPRECATION WARNING: ActionController::Base.cookie_verifier_secret= is deprecated. Please configure it on your application with config.secret_token=. (called from <top (required)> at /media/DATA/Projects/study/Univer/Diplom/Slava/banker-mongodb-rails3-sample-212967b/config/initializers/cookie_verification_secret.rb:7)
DEPRECATION WARNING: ActionController::Base.session= is deprecated. Please configure it on your application with config.session_store :cookie_store, :key => '....'. (called from <top (required)> at /media/DATA/Projects/study/Univer/Diplom/Slava/banker-mongodb-rails3-sample-212967b/config/initializers/session_store.rb:7)
DEPRECATION WARNING: You are using the old router DSL which will be removed in Rails 3.1. Please check how to update your routes file at: http://www.engineyard.com/blog/2010/the-lowdown-on-routes-in-rails-3/. (called from <top (required)> at /media/DATA/Projects/study/Univer/Diplom/Slava/banker-mongodb-rails3-sample-212967b/config/routes.rb:1)


Started GET "/products" for 127.0.0.1 at 2011-06-17 18:42:24 +0300
DEPRECATION WARNING: You are using the old router DSL which will be removed in Rails 3.1. Please check how to update your routes file at: http://www.engineyard.com/blog/2010/the-lowdown-on-routes-in-rails-3/. (called from <top (required)> at /media/DATA/Projects/study/Univer/Diplom/Slava/banker-mongodb-rails3-sample-212967b/config/routes.rb:1)

ArgumentError (missing :action):
  config/routes.rb:5:in `block in <top (required)>'
  config/routes.rb:1:in `<top (required)>'

Rendered /home/skripatch/.rvm/gems/ruby-1.9.2-p0/gems/actionpack-3.0.3/lib/action_dispatch/middleware/templates/rescues/_trace.erb (1.2ms)
Rendered /home/skripatch/.rvm/gems/ruby-1.9.2-p0/gems/actionpack-3.0.3/lib/action_dispatch/middleware/templates/rescues/_request_and_response.erb (1.5ms)
Rendered /home/skripatch/.rvm/gems/ruby-1.9.2-p0/gems/actionpack-3.0.3/lib/action_dispatch/middleware/templates/rescues/diagnostics.erb within rescues/layout (7.4ms)


Started GET "/products/" for 127.0.0.1 at 2011-06-17 18:42:35 +0300
  Processing by ProductsController#index as HTML
Rendered products/index.html.erb (0.8ms)
Completed   in 264ms

ActionView::Template::Error (You have a nil object when you didn't expect it!
You might have expected an instance of Array.
The error occurred while evaluating nil.each):
    1: <% if params[:action]=='contacts' %>
    2: <% end %>
    3: <% @users.each do |user| %>
    4:     <div class="baloon">
    5:     <b><%= link_to user.name, user %></b>
    6: 
  app/views/products/index.html.erb:3:in `_app_views_products_index_html_erb___619502392_76694370_865889729'
  app/controllers/products_controller.rb:6:in `index'

Rendered /home/skripatch/.rvm/gems/ruby-1.9.2-p0/gems/actionpack-3.0.3/lib/action_dispatch/middleware/templates/rescues/_trace.erb (1.4ms)
Rendered /home/skripatch/.rvm/gems/ruby-1.9.2-p0/gems/actionpack-3.0.3/lib/action_dispatch/middleware/templates/rescues/_request_and_response.erb (3.0ms)
Rendered /home/skripatch/.rvm/gems/ruby-1.9.2-p0/gems/actionpack-3.0.3/lib/action_dispatch/middleware/templates/rescues/template_error.erb within rescues/layout (8.9ms)


Started GET "/products" for 127.0.0.1 at 2011-06-17 18:42:41 +0300
  Processing by ProductsController#index as HTML
Rendered products/index.html.erb (0.7ms)
Completed   in 23ms

ActionView::Template::Error (You have a nil object when you didn't expect it!
You might have expected an instance of Array.
The error occurred while evaluating nil.each):
    1: <% if params[:action]=='contacts' %>
    2: <% end %>
    3: <% @users.each do |user| %>
    4:     <div class="baloon">
    5:     <b><%= link_to user.name, user %></b>
    6: 
  app/views/products/index.html.erb:3:in `_app_views_products_index_html_erb___619502392_69944910_865889729'
  app/controllers/products_controller.rb:6:in `index'

Rendered /home/skripatch/.rvm/gems/ruby-1.9.2-p0/gems/actionpack-3.0.3/lib/action_dispatch/middleware/templates/rescues/_trace.erb (1.5ms)
Rendered /home/skripatch/.rvm/gems/ruby-1.9.2-p0/gems/actionpack-3.0.3/lib/action_dispatch/middleware/templates/rescues/_request_and_response.erb (3.1ms)
Rendered /home/skripatch/.rvm/gems/ruby-1.9.2-p0/gems/actionpack-3.0.3/lib/action_dispatch/middleware/templates/rescues/template_error.erb within rescues/layout (8.8ms)


Started GET "/products" for 127.0.0.1 at 2011-06-17 18:43:50 +0300
  Processing by ProductsController#index as HTML
Rendered products/index.html.erb (0.6ms)
Completed 200 OK in 23ms (Views: 11.0ms)


Started GET "/products" for 127.0.0.1 at 2011-06-17 18:45:40 +0300
  Processing by ProductsController#index as HTML
Rendered products/index.html.erb (1.0ms)
Completed 200 OK in 50ms (Views: 12.7ms)


Started GET "/products/new" for 127.0.0.1 at 2011-06-17 18:45:48 +0300
  Processing by ProductsController#new as HTML
Rendered products/new.html.erb (3.9ms)
Completed   in 27ms

ActionView::Template::Error (Missing partial products/form with {:handlers=>[:erb, :rjs, :builder, :rhtml, :rxml], :formats=>[:html], :locale=>[:en, :en]} in view paths "/media/DATA/Projects/study/Univer/Diplom/Slava/banker-mongodb-rails3-sample-212967b/app/views"):
    1: <h1>New user</h1>
    2: 
    3: <%= render 'form' %>
    4: 
    5: <%= link_to 'Back', users_path %>
  app/views/products/new.html.erb:3:in `_app_views_products_new_html_erb__461386026_81114630_865889729'
  app/controllers/products_controller.rb:15:in `new'

Rendered /home/skripatch/.rvm/gems/ruby-1.9.2-p0/gems/actionpack-3.0.3/lib/action_dispatch/middleware/templates/rescues/_trace.erb (1.1ms)
Rendered /home/skripatch/.rvm/gems/ruby-1.9.2-p0/gems/actionpack-3.0.3/lib/action_dispatch/middleware/templates/rescues/_request_and_response.erb (2.9ms)
Rendered /home/skripatch/.rvm/gems/ruby-1.9.2-p0/gems/actionpack-3.0.3/lib/action_dispatch/middleware/templates/rescues/template_error.erb within rescues/layout (8.0ms)


Started GET "/products/new" for 127.0.0.1 at 2011-06-17 18:56:09 +0300
  Processing by ProductsController#new as HTML
Rendered products/new.html.erb (6.2ms)
Completed   in 29ms

ActionView::Template::Error (undefined local variable or method `produts_path' for #<#<Class:0x906caf8>:0x906adc0>):
    2: 
    3: <%=  %>
    4: 
    5: <%= link_to 'Back', produts_path %>
  app/views/products/new.html.erb:5:in `_app_views_products_new_html_erb__461386026_75683300_865889729'
  app/controllers/products_controller.rb:15:in `new'

Rendered /home/skripatch/.rvm/gems/ruby-1.9.2-p0/gems/actionpack-3.0.3/lib/action_dispatch/middleware/templates/rescues/_trace.erb (1.2ms)
Rendered /home/skripatch/.rvm/gems/ruby-1.9.2-p0/gems/actionpack-3.0.3/lib/action_dispatch/middleware/templates/rescues/_request_and_response.erb (2.9ms)
Rendered /home/skripatch/.rvm/gems/ruby-1.9.2-p0/gems/actionpack-3.0.3/lib/action_dispatch/middleware/templates/rescues/template_error.erb within rescues/layout (7.9ms)


Started GET "/products/new" for 127.0.0.1 at 2011-06-17 18:56:29 +0300
  Processing by ProductsController#new as HTML
Rendered products/new.html.erb (0.8ms)
Completed 200 OK in 22ms (Views: 10.8ms)


Started GET "/products/new" for 127.0.0.1 at 2011-06-17 18:58:49 +0300
  Processing by ProductsController#new as HTML
Rendered products/new.html.erb (1.9ms)
Completed   in 32ms

ActionView::Template::Error (undefined method `errors' for nil:NilClass):
    1: <h1>New user</h1>
    2: 
    3: <%= form_for(@product) do |f| %>
    4:     <% if @user.errors.any? %>
    5:       <div id="error_explanation">
    6:         <h2><%= pluralize(@user.errors.count, "error") %> prohibited this user from being saved:</h2>
    7: 
  app/views/products/new.html.erb:4:in `block in _app_views_products_new_html_erb__461386026_80845670_865889729'
  app/views/products/new.html.erb:3:in `_app_views_products_new_html_erb__461386026_80845670_865889729'
  app/controllers/products_controller.rb:15:in `new'

Rendered /home/skripatch/.rvm/gems/ruby-1.9.2-p0/gems/actionpack-3.0.3/lib/action_dispatch/middleware/templates/rescues/_trace.erb (1.2ms)
Rendered /home/skripatch/.rvm/gems/ruby-1.9.2-p0/gems/actionpack-3.0.3/lib/action_dispatch/middleware/templates/rescues/_request_and_response.erb (4.9ms)
Rendered /home/skripatch/.rvm/gems/ruby-1.9.2-p0/gems/actionpack-3.0.3/lib/action_dispatch/middleware/templates/rescues/template_error.erb within rescues/layout (10.3ms)


Started GET "/products/new" for 127.0.0.1 at 2011-06-17 18:59:11 +0300
  Processing by ProductsController#new as HTML
Rendered products/new.html.erb (2.7ms)
Completed 200 OK in 25ms (Views: 13.2ms)


Started GET "/products/new" for 127.0.0.1 at 2011-06-17 18:59:31 +0300
  Processing by ProductsController#new as HTML
Rendered products/new.html.erb (29.6ms)
Completed 200 OK in 53ms (Views: 41.3ms)


Started GET "/products/new" for 127.0.0.1 at 2011-06-17 19:00:50 +0300
  Processing by ProductsController#new as HTML
Rendered products/new.html.erb (4.1ms)
Completed 200 OK in 32ms (Views: 18.5ms)


Started GET "/products/new" for 127.0.0.1 at 2011-06-17 19:11:54 +0300
  Processing by ProductsController#new as HTML
Rendered products/new.html.erb (3.6ms)
Completed 200 OK in 48ms (Views: 25.1ms)


Started GET "/products/new" for 127.0.0.1 at 2011-06-17 19:20:34 +0300
  Processing by ProductsController#new as HTML
Rendered products/new.html.erb (7.0ms)
Completed 200 OK in 54ms (Views: 24.3ms)


Started POST "/products" for 127.0.0.1 at 2011-06-17 19:25:46 +0300
  Processing by ProductsController#create as HTML
  Parameters: {"utf8"=>"✓", "authenticity_token"=>"7DcebNAepCjkAilhFvI8emIhccUg6TmsG5dGPgkxybc=", "product"=>{"name"=>"iPad", "price"=>"600"}, "commit"=>"Create Product"}
Redirected to http://localhost:3000/products/4dfb800a7ebd0b24e9000023
Completed 302 Found in 82ms


Started GET "/products/4dfb800a7ebd0b24e9000023" for 127.0.0.1 at 2011-06-17 19:25:46 +0300
  Processing by ProductsController#show as HTML
  Parameters: {"id"=>"4dfb800a7ebd0b24e9000023"}
Rendered products/show.html.erb (0.7ms)
Completed   in 358ms

ActionView::Template::Error (undefined method `name' for nil:NilClass):
    1: <p>
    2:   <b>Name:</b>
    3:   <%= @user.name %>
    4: </p>
    5: 
    6: <%= link_to 'Edit', edit_user_path(@user) %>
  app/views/products/show.html.erb:3:in `_app_views_products_show_html_erb__389189457_81392990_865889729'

Rendered /home/skripatch/.rvm/gems/ruby-1.9.2-p0/gems/actionpack-3.0.3/lib/action_dispatch/middleware/templates/rescues/_trace.erb (1.3ms)
Rendered /home/skripatch/.rvm/gems/ruby-1.9.2-p0/gems/actionpack-3.0.3/lib/action_dispatch/middleware/templates/rescues/_request_and_response.erb (3.6ms)
Rendered /home/skripatch/.rvm/gems/ruby-1.9.2-p0/gems/actionpack-3.0.3/lib/action_dispatch/middleware/templates/rescues/template_error.erb within rescues/layout (9.0ms)
DEPRECATION WARNING: ActionController::Base.cookie_verifier_secret= is deprecated. Please configure it on your application with config.secret_token=. (called from <top (required)> at /media/DATA/Projects/study/Univer/Diplom/Slava/banker-mongodb-rails3-sample-212967b/config/initializers/cookie_verification_secret.rb:7)
DEPRECATION WARNING: ActionController::Base.session= is deprecated. Please configure it on your application with config.session_store :cookie_store, :key => '....'. (called from <top (required)> at /media/DATA/Projects/study/Univer/Diplom/Slava/banker-mongodb-rails3-sample-212967b/config/initializers/session_store.rb:7)
DEPRECATION WARNING: You are using the old router DSL which will be removed in Rails 3.1. Please check how to update your routes file at: http://www.engineyard.com/blog/2010/the-lowdown-on-routes-in-rails-3/. (called from <top (required)> at /media/DATA/Projects/study/Univer/Diplom/Slava/banker-mongodb-rails3-sample-212967b/config/routes.rb:1)
DEPRECATION WARNING: ActionController::Base.cookie_verifier_secret= is deprecated. Please configure it on your application with config.secret_token=. (called from <top (required)> at /media/DATA/Projects/study/Univer/Diplom/Slava/banker-mongodb-rails3-sample-212967b/config/initializers/cookie_verification_secret.rb:7)
DEPRECATION WARNING: ActionController::Base.session= is deprecated. Please configure it on your application with config.session_store :cookie_store, :key => '....'. (called from <top (required)> at /media/DATA/Projects/study/Univer/Diplom/Slava/banker-mongodb-rails3-sample-212967b/config/initializers/session_store.rb:7)
DEPRECATION WARNING: You are using the old router DSL which will be removed in Rails 3.1. Please check how to update your routes file at: http://www.engineyard.com/blog/2010/the-lowdown-on-routes-in-rails-3/. (called from <top (required)> at /media/DATA/Projects/study/Univer/Diplom/Slava/banker-mongodb-rails3-sample-212967b/config/routes.rb:1)


Started GET "/products/4dfb800a7ebd0b24e9000023" for 127.0.0.1 at 2011-06-17 19:30:14 +0300
  Processing by ProductsController#show as HTML
  Parameters: {"id"=>"4dfb800a7ebd0b24e9000023"}
Rendered products/show.html.erb (1.7ms)
Completed   in 64ms

ActionView::Template::Error (No route matches {:controller=>"users"}):
    6: <% end %>
    7: 
    8: <%= link_to 'Edit', edit_product_path(@product) %>
    9: <%= link_to 'Back', users_path %>
  app/views/products/show.html.erb:9:in `_app_views_products_show_html_erb__389189457_76571410_865889729'

Rendered /home/skripatch/.rvm/gems/ruby-1.9.2-p0/gems/actionpack-3.0.3/lib/action_dispatch/middleware/templates/rescues/_trace.erb (1.3ms)
Rendered /home/skripatch/.rvm/gems/ruby-1.9.2-p0/gems/actionpack-3.0.3/lib/action_dispatch/middleware/templates/rescues/_request_and_response.erb (5.4ms)
Rendered /home/skripatch/.rvm/gems/ruby-1.9.2-p0/gems/actionpack-3.0.3/lib/action_dispatch/middleware/templates/rescues/template_error.erb within rescues/layout (11.4ms)
DEPRECATION WARNING: ActionController::Base.cookie_verifier_secret= is deprecated. Please configure it on your application with config.secret_token=. (called from <top (required)> at /media/DATA/Projects/study/Univer/Diplom/Slava/banker-mongodb-rails3-sample-212967b/config/initializers/cookie_verification_secret.rb:7)
DEPRECATION WARNING: ActionController::Base.session= is deprecated. Please configure it on your application with config.session_store :cookie_store, :key => '....'. (called from <top (required)> at /media/DATA/Projects/study/Univer/Diplom/Slava/banker-mongodb-rails3-sample-212967b/config/initializers/session_store.rb:7)
DEPRECATION WARNING: You are using the old router DSL which will be removed in Rails 3.1. Please check how to update your routes file at: http://www.engineyard.com/blog/2010/the-lowdown-on-routes-in-rails-3/. (called from <top (required)> at /media/DATA/Projects/study/Univer/Diplom/Slava/banker-mongodb-rails3-sample-212967b/config/routes.rb:1)


Started GET "/products/4dfb800a7ebd0b24e9000023" for 127.0.0.1 at 2011-06-17 19:49:48 +0300
  Processing by ProductsController#show as HTML
  Parameters: {"id"=>"4dfb800a7ebd0b24e9000023"}
Rendered products/show.html.erb (1.4ms)
Completed 200 OK in 497ms (Views: 14.3ms)
DEPRECATION WARNING: ActionController::Base.cookie_verifier_secret= is deprecated. Please configure it on your application with config.secret_token=. (called from <top (required)> at /media/DATA/Projects/study/Univer/Diplom/Slava/banker-mongodb-rails3-sample-212967b/config/initializers/cookie_verification_secret.rb:7)
DEPRECATION WARNING: ActionController::Base.session= is deprecated. Please configure it on your application with config.session_store :cookie_store, :key => '....'. (called from <top (required)> at /media/DATA/Projects/study/Univer/Diplom/Slava/banker-mongodb-rails3-sample-212967b/config/initializers/session_store.rb:7)
DEPRECATION WARNING: You are using the old router DSL which will be removed in Rails 3.1. Please check how to update your routes file at: http://www.engineyard.com/blog/2010/the-lowdown-on-routes-in-rails-3/. (called from <top (required)> at /media/DATA/Projects/study/Univer/Diplom/Slava/banker-mongodb-rails3-sample-212967b/config/routes.rb:1)
DEPRECATION WARNING: ActionController::Base.cookie_verifier_secret= is deprecated. Please configure it on your application with config.secret_token=. (called from <top (required)> at /media/DATA/Projects/study/Univer/Diplom/Slava/banker-mongodb-rails3-sample-212967b/config/initializers/cookie_verification_secret.rb:7)
DEPRECATION WARNING: ActionController::Base.session= is deprecated. Please configure it on your application with config.session_store :cookie_store, :key => '....'. (called from <top (required)> at /media/DATA/Projects/study/Univer/Diplom/Slava/banker-mongodb-rails3-sample-212967b/config/initializers/session_store.rb:7)
DEPRECATION WARNING: You are using the old router DSL which will be removed in Rails 3.1. Please check how to update your routes file at: http://www.engineyard.com/blog/2010/the-lowdown-on-routes-in-rails-3/. (called from <top (required)> at /media/DATA/Projects/study/Univer/Diplom/Slava/banker-mongodb-rails3-sample-212967b/config/routes.rb:1)


Started GET "/products/4dfb800a7ebd0b24e9000023" for 127.0.0.1 at 2011-06-17 19:59:20 +0300
  Processing by ProductsController#show as HTML
  Parameters: {"id"=>"4dfb800a7ebd0b24e9000023"}
Rendered products/show.html.erb (3.4ms)
Completed 200 OK in 136003ms (Views: 17.6ms)


Started GET "/products/4dfb800a7ebd0b24e9000023" for 127.0.0.1 at 2011-06-17 20:02:35 +0300
  Processing by ProductsController#show as HTML
  Parameters: {"id"=>"4dfb800a7ebd0b24e9000023"}
Rendered products/show.html.erb (3.6ms)
Completed 200 OK in 16027ms (Views: 14.8ms)


Started GET "/products/4dfb800a7ebd0b24e9000023" for 127.0.0.1 at 2011-06-17 20:03:20 +0300
  Processing by ProductsController#show as HTML
  Parameters: {"id"=>"4dfb800a7ebd0b24e9000023"}
Rendered products/show.html.erb (2.5ms)
Completed 200 OK in 36ms (Views: 13.9ms)


Started GET "/products/4dfb800a7ebd0b24e9000023" for 127.0.0.1 at 2011-06-17 20:04:57 +0300
  Processing by ProductsController#show as HTML
  Parameters: {"id"=>"4dfb800a7ebd0b24e9000023"}
Rendered products/show.html.erb (7.3ms)
Completed 200 OK in 66ms (Views: 22.1ms)


Started GET "/products/new" for 127.0.0.1 at 2011-06-17 20:20:20 +0300
  Processing by ProductsController#new as HTML
Rendered products/new.html.erb (69.6ms)
Completed 200 OK in 95ms (Views: 81.2ms)


Started GET "/products/new" for 127.0.0.1 at 2011-06-17 20:52:33 +0300
  Processing by ProductsController#new as HTML
Rendered products/new.html.erb (7.0ms)
Completed 200 OK in 35ms (Views: 19.2ms)


Started GET "/products/new" for 127.0.0.1 at 2011-06-17 20:54:58 +0300
  Processing by ProductsController#new as HTML
Rendered products/new.html.erb (6.0ms)
Completed 200 OK in 38ms (Views: 17.2ms)


Started GET "/products/new" for 127.0.0.1 at 2011-06-17 20:55:12 +0300
  Processing by ProductsController#new as HTML
Rendered products/new.html.erb (6.7ms)
Completed 200 OK in 31ms (Views: 17.1ms)


Started GET "/products/new" for 127.0.0.1 at 2011-06-17 21:03:12 +0300
  Processing by ProductsController#new as HTML
Rendered products/new.html.erb within layouts/products (49.1ms)
Completed 200 OK in 72ms (Views: 58.5ms)


Started GET "/products/new" for 127.0.0.1 at 2011-06-17 21:04:10 +0300
  Processing by ProductsController#new as HTML
Rendered products/new.html.erb within layouts/products (9.9ms)
Completed 200 OK in 34ms (Views: 19.2ms)


Started GET "/products/new" for 127.0.0.1 at 2011-06-17 21:04:53 +0300
  Processing by ProductsController#new as HTML
Rendered products/new.html.erb within layouts/products (17.5ms)
Completed 200 OK in 45ms (Views: 29.6ms)


Started POST "/products" for 127.0.0.1 at 2011-06-17 21:05:51 +0300
  Processing by ProductsController#create as HTML
  Parameters: {"utf8"=>"✓", "authenticity_token"=>"7DcebNAepCjkAilhFvI8emIhccUg6TmsG5dGPgkxybc=", "product"=>{"name"=>"Apple", "Price"=>"14000"}, "commit"=>"Create Product"}
Redirected to http://localhost:3000/products/4dfb977f7ebd0b2c78000013
Completed 302 Found in 20ms


Started GET "/products/4dfb977f7ebd0b2c78000013" for 127.0.0.1 at 2011-06-17 21:05:51 +0300
  Processing by ProductsController#show as HTML
  Parameters: {"id"=>"4dfb977f7ebd0b2c78000013"}
Rendered products/show.html.erb within layouts/products (5.3ms)
Completed 200 OK in 319ms (Views: 16.0ms)


Started GET "/products" for 127.0.0.1 at 2011-06-17 21:05:59 +0300
  Processing by ProductsController#index as HTML
Rendered products/index.html.erb within layouts/products (6.2ms)
Completed 200 OK in 55ms (Views: 16.6ms)


Started GET "/products/4dfb977f7ebd0b2c78000013" for 127.0.0.1 at 2011-06-17 21:06:01 +0300
  Processing by ProductsController#show as HTML
  Parameters: {"id"=>"4dfb977f7ebd0b2c78000013"}
Rendered products/show.html.erb within layouts/products (4.8ms)
Completed 200 OK in 30ms (Views: 14.1ms)


Started GET "/products" for 127.0.0.1 at 2011-06-17 21:06:02 +0300
  Processing by ProductsController#index as HTML
Rendered products/index.html.erb within layouts/products (6.0ms)
Completed 200 OK in 32ms (Views: 15.4ms)


Started GET "/products/4dfb800a7ebd0b24e9000023" for 127.0.0.1 at 2011-06-17 21:06:03 +0300
  Processing by ProductsController#show as HTML
  Parameters: {"id"=>"4dfb800a7ebd0b24e9000023"}
Rendered products/show.html.erb within layouts/products (4.7ms)
Completed 200 OK in 29ms (Views: 13.5ms)


Started GET "/products" for 127.0.0.1 at 2011-06-17 21:06:04 +0300
  Processing by ProductsController#index as HTML
Rendered products/index.html.erb within layouts/products (5.9ms)
Completed 200 OK in 31ms (Views: 14.9ms)


Started GET "/products/new" for 127.0.0.1 at 2011-06-17 21:11:34 +0300
  Processing by ProductsController#new as HTML
Rendered products/new.html.erb within layouts/products (9.1ms)
Completed 200 OK in 65ms (Views: 18.1ms)


Started GET "/products/new" for 127.0.0.1 at 2011-06-17 21:15:38 +0300
  Processing by ProductsController#new as HTML
Rendered products/new.html.erb within layouts/products (18.0ms)
Completed 200 OK in 69ms (Views: 54.8ms)


Started GET "/products/new" for 127.0.0.1 at 2011-06-17 21:17:42 +0300
  Processing by ProductsController#new as HTML
Rendered products/new.html.erb within layouts/products (12.5ms)
Completed 200 OK in 38ms (Views: 22.2ms)


Started GET "/products/new" for 127.0.0.1 at 2011-06-17 21:18:37 +0300
  Processing by ProductsController#new as HTML
Rendered products/new.html.erb within layouts/products (10.3ms)
Completed 200 OK in 36ms (Views: 20.7ms)


Started GET "/products/new" for 127.0.0.1 at 2011-06-17 21:19:23 +0300
  Processing by ProductsController#new as HTML
Rendered products/new.html.erb within layouts/products (17.7ms)
Completed 200 OK in 49ms (Views: 33.4ms)


Started GET "/products/new" for 127.0.0.1 at 2011-06-17 21:19:58 +0300
  Processing by ProductsController#new as HTML
Rendered products/new.html.erb within layouts/products (9.1ms)
Completed 200 OK in 33ms (Views: 18.5ms)


Started GET "/products/new" for 127.0.0.1 at 2011-06-17 21:20:35 +0300
  Processing by ProductsController#new as HTML
Rendered products/new.html.erb within layouts/products (37.8ms)
Completed 200 OK in 89ms (Views: 54.3ms)


Started GET "/products/new" for 127.0.0.1 at 2011-06-17 21:22:03 +0300
  Processing by ProductsController#new as HTML
Rendered products/new.html.erb within layouts/products (10.6ms)
Completed 200 OK in 36ms (Views: 21.0ms)


Started POST "/products" for 127.0.0.1 at 2011-06-17 21:23:43 +0300
  Processing by ProductsController#create as HTML
  Parameters: {"utf8"=>"✓", "authenticity_token"=>"7DcebNAepCjkAilhFvI8emIhccUg6TmsG5dGPgkxybc=", "product"=>{"name"=>"Samsung", "Note Book"=>"9 Series", "Display"=>"Super Bright LED", "SSD"=>"256 GB"}, "commit"=>"Create Product"}
Completed   in 14ms

SyntaxError ((eval):1: formal argument cannot be a constant
(eval):2: syntax error, unexpected tCONSTANT, expecting ')'
                read_key(:Note Book)
                                   ^
(eval):5: formal argument cannot be a constant
(eval):6: syntax error, unexpected tCONSTANT, expecting ')'
                read_key_before_type_cast(:Note Book)
                                                    ^
(eval):9: formal argument cannot be a constant
              def Note Book=(value)
                           ^
(eval):9: syntax error, unexpected '=', expecting ';' or '\n'
              def Note Book=(value)
                            ^
(eval):10: syntax error, unexpected tCONSTANT, expecting ')'
                write_key(:Note Book, value)
                                    ^
(eval):10: dynamic constant assignment
                write_key(:Note Book, value)
                                     ^
(eval):10: syntax error, unexpected ')', expecting '='
(eval):14: syntax error, unexpected tCONSTANT, expecting ')'
                read_key(:Note Book).present?
                                   ^
(eval):15: syntax error, unexpected $end, expecting keyword_end):
  app/controllers/products_controller.rb:23:in `new'
  app/controllers/products_controller.rb:23:in `create'

Rendered /home/skripatch/.rvm/gems/ruby-1.9.2-p0/gems/actionpack-3.0.3/lib/action_dispatch/middleware/templates/rescues/_trace.erb (1.7ms)
Rendered /home/skripatch/.rvm/gems/ruby-1.9.2-p0/gems/actionpack-3.0.3/lib/action_dispatch/middleware/templates/rescues/_request_and_response.erb (5.8ms)
Rendered /home/skripatch/.rvm/gems/ruby-1.9.2-p0/gems/actionpack-3.0.3/lib/action_dispatch/middleware/templates/rescues/diagnostics.erb within rescues/layout (12.7ms)


Started POST "/products" for 127.0.0.1 at 2011-06-17 21:25:28 +0300
  Processing by ProductsController#create as HTML
  Parameters: {"utf8"=>"✓", "authenticity_token"=>"7DcebNAepCjkAilhFvI8emIhccUg6TmsG5dGPgkxybc=", "product"=>{"name"=>"Samsung", "Notebook"=>"9 Series", "Display"=>"Super Bright LED", "SSD"=>"256 GB"}, "commit"=>"Create Product"}
Redirected to http://localhost:3000/products/4dfb9c187ebd0b2c78000030
Completed 302 Found in 17ms


Started GET "/products/4dfb9c187ebd0b2c78000030" for 127.0.0.1 at 2011-06-17 21:25:28 +0300
  Processing by ProductsController#show as HTML
  Parameters: {"id"=>"4dfb9c187ebd0b2c78000030"}
Rendered products/show.html.erb within layouts/products (5.2ms)
Completed 200 OK in 60ms (Views: 14.2ms)


Started GET "/products" for 127.0.0.1 at 2011-06-17 21:25:31 +0300
  Processing by ProductsController#index as HTML
Rendered products/index.html.erb within layouts/products (6.9ms)
Completed 200 OK in 35ms (Views: 16.0ms)


Started GET "/products/4dfb977f7ebd0b2c78000013" for 127.0.0.1 at 2011-06-17 21:25:33 +0300
  Processing by ProductsController#show as HTML
  Parameters: {"id"=>"4dfb977f7ebd0b2c78000013"}
Rendered products/show.html.erb within layouts/products (5.1ms)
Completed 200 OK in 29ms (Views: 14.2ms)


Started GET "/products" for 127.0.0.1 at 2011-06-17 21:25:35 +0300
  Processing by ProductsController#index as HTML
Rendered products/index.html.erb within layouts/products (6.6ms)
Completed 200 OK in 34ms (Views: 16.5ms)


Started GET "/products/4dfb9c187ebd0b2c78000030" for 127.0.0.1 at 2011-06-17 21:25:36 +0300
  Processing by ProductsController#show as HTML
  Parameters: {"id"=>"4dfb9c187ebd0b2c78000030"}
Rendered products/show.html.erb within layouts/products (5.0ms)
Completed 200 OK in 30ms (Views: 13.8ms)


Started GET "/products" for 127.0.0.1 at 2011-06-17 21:27:17 +0300
  Processing by ProductsController#index as HTML
Rendered products/index.html.erb within layouts/products (8.0ms)
Completed 200 OK in 34ms (Views: 17.4ms)


Started GET "/products/new" for 127.0.0.1 at 2011-06-17 21:27:20 +0300
  Processing by ProductsController#new as HTML
Rendered products/new.html.erb within layouts/products (8.3ms)
Completed 200 OK in 33ms (Views: 17.1ms)


Started POST "/products" for 127.0.0.1 at 2011-06-17 21:38:49 +0300
  Processing by ProductsController#create as HTML
  Parameters: {"utf8"=>"✓", "authenticity_token"=>"7DcebNAepCjkAilhFvI8emIhccUg6TmsG5dGPgkxybc=", "product"=>{"name"=>"Apple iPad 4", "Price"=>"$3", "Battary"=>"100500 mAh", "SSD"=>"Unlimited", "Display"=>"13\" 2K", "Wireless"=>"5G", "OS"=>"iOS6", "IA"=>"Olabina integrated"}, "commit"=>"Create Product"}
Redirected to http://localhost:3000/products/4dfb9f397ebd0b2c78000040
Completed 302 Found in 19ms


Started GET "/products/4dfb9f397ebd0b2c78000040" for 127.0.0.1 at 2011-06-17 21:38:49 +0300
  Processing by ProductsController#show as HTML
  Parameters: {"id"=>"4dfb9f397ebd0b2c78000040"}
Rendered products/show.html.erb within layouts/products (5.3ms)
Completed 200 OK in 33ms (Views: 14.4ms)


Started GET "/products" for 127.0.0.1 at 2011-06-17 21:40:47 +0300
  Processing by ProductsController#index as HTML
Rendered products/index.html.erb within layouts/products (7.3ms)
Completed 200 OK in 36ms (Views: 16.4ms)


Started GET "/products/4dfb9f397ebd0b2c78000040" for 127.0.0.1 at 2011-06-17 21:41:32 +0300
  Processing by ProductsController#show as HTML
  Parameters: {"id"=>"4dfb9f397ebd0b2c78000040"}
Rendered products/show.html.erb within layouts/products (5.7ms)
Completed 200 OK in 66ms (Views: 15.3ms)
DEPRECATION WARNING: ActionController::Base.cookie_verifier_secret= is deprecated. Please configure it on your application with config.secret_token=. (called from <top (required)> at /media/DATA/Projects/study/Univer/Diplom/Slava/MongoDiplom/config/initializers/cookie_verification_secret.rb:7)
DEPRECATION WARNING: ActionController::Base.session= is deprecated. Please configure it on your application with config.session_store :cookie_store, :key => '....'. (called from <top (required)> at /media/DATA/Projects/study/Univer/Diplom/Slava/MongoDiplom/config/initializers/session_store.rb:7)
DEPRECATION WARNING: You are using the old router DSL which will be removed in Rails 3.1. Please check how to update your routes file at: http://www.engineyard.com/blog/2010/the-lowdown-on-routes-in-rails-3/. (called from <top (required)> at /media/DATA/Projects/study/Univer/Diplom/Slava/MongoDiplom/config/routes.rb:1)
DEPRECATION WARNING: ActionController::Base.cookie_verifier_secret= is deprecated. Please configure it on your application with config.secret_token=. (called from <top (required)> at /media/DATA/Projects/study/Univer/Diplom/Slava/MongoDiplom/config/initializers/cookie_verification_secret.rb:7)
DEPRECATION WARNING: ActionController::Base.session= is deprecated. Please configure it on your application with config.session_store :cookie_store, :key => '....'. (called from <top (required)> at /media/DATA/Projects/study/Univer/Diplom/Slava/MongoDiplom/config/initializers/session_store.rb:7)
DEPRECATION WARNING: You are using the old router DSL which will be removed in Rails 3.1. Please check how to update your routes file at: http://www.engineyard.com/blog/2010/the-lowdown-on-routes-in-rails-3/. (called from <top (required)> at /media/DATA/Projects/study/Univer/Diplom/Slava/MongoDiplom/config/routes.rb:1)


Started GET "/products" for 127.0.0.1 at 2011-07-05 18:53:25 +0300
  Processing by ProductsController#index as HTML
Completed   in 344ms

Mongo::ConnectionFailure (Failed to connect to a master node at localhost:27017):
  app/controllers/products_controller.rb:5:in `index'

Rendered /home/skripatch/.rvm/gems/ruby-1.9.2-p0/gems/actionpack-3.0.3/lib/action_dispatch/middleware/templates/rescues/_trace.erb (1.4ms)
Rendered /home/skripatch/.rvm/gems/ruby-1.9.2-p0/gems/actionpack-3.0.3/lib/action_dispatch/middleware/templates/rescues/_request_and_response.erb (2.9ms)
Rendered /home/skripatch/.rvm/gems/ruby-1.9.2-p0/gems/actionpack-3.0.3/lib/action_dispatch/middleware/templates/rescues/diagnostics.erb within rescues/layout (8.1ms)
DEPRECATION WARNING: ActionController::Base.cookie_verifier_secret= is deprecated. Please configure it on your application with config.secret_token=. (called from <top (required)> at /media/DATA/Projects/study/Univer/Diplom/Slava/MongoDiplom/config/initializers/cookie_verification_secret.rb:7)
DEPRECATION WARNING: ActionController::Base.session= is deprecated. Please configure it on your application with config.session_store :cookie_store, :key => '....'. (called from <top (required)> at /media/DATA/Projects/study/Univer/Diplom/Slava/MongoDiplom/config/initializers/session_store.rb:7)
DEPRECATION WARNING: You are using the old router DSL which will be removed in Rails 3.1. Please check how to update your routes file at: http://www.engineyard.com/blog/2010/the-lowdown-on-routes-in-rails-3/. (called from <top (required)> at /media/DATA/Projects/study/Univer/Diplom/Slava/MongoDiplom/config/routes.rb:1)


Started GET "/products" for 127.0.0.1 at 2011-07-05 20:27:17 +0300
  Processing by ProductsController#index as HTML
Completed   in 753ms

Mongo::ConnectionFailure (Failed to connect to a master node at localhost:27017):
  app/controllers/products_controller.rb:5:in `index'

Rendered /home/skripatch/.rvm/gems/ruby-1.9.2-p0/gems/actionpack-3.0.3/lib/action_dispatch/middleware/templates/rescues/_trace.erb (2.7ms)
Rendered /home/skripatch/.rvm/gems/ruby-1.9.2-p0/gems/actionpack-3.0.3/lib/action_dispatch/middleware/templates/rescues/_request_and_response.erb (32.8ms)
Rendered /home/skripatch/.rvm/gems/ruby-1.9.2-p0/gems/actionpack-3.0.3/lib/action_dispatch/middleware/templates/rescues/diagnostics.erb within rescues/layout (43.8ms)
DEPRECATION WARNING: ActionController::Base.cookie_verifier_secret= is deprecated. Please configure it on your application with config.secret_token=. (called from <top (required)> at /media/DATA/Projects/study/Univer/Diplom/Slava/MongoDiplom/config/initializers/cookie_verification_secret.rb:7)
DEPRECATION WARNING: ActionController::Base.session= is deprecated. Please configure it on your application with config.session_store :cookie_store, :key => '....'. (called from <top (required)> at /media/DATA/Projects/study/Univer/Diplom/Slava/MongoDiplom/config/initializers/session_store.rb:7)
DEPRECATION WARNING: You are using the old router DSL which will be removed in Rails 3.1. Please check how to update your routes file at: http://www.engineyard.com/blog/2010/the-lowdown-on-routes-in-rails-3/. (called from <top (required)> at /media/DATA/Projects/study/Univer/Diplom/Slava/MongoDiplom/config/routes.rb:1)


Started GET "/products" for 127.0.0.1 at 2011-07-05 22:26:16 +0300
  Processing by ProductsController#index as HTML
Completed   in 536ms

Mongo::ConnectionFailure (Failed to connect to a master node at localhost:27017):
  app/controllers/products_controller.rb:5:in `index'

Rendered /home/skripatch/.rvm/gems/ruby-1.9.2-p0/gems/actionpack-3.0.3/lib/action_dispatch/middleware/templates/rescues/_trace.erb (1.2ms)
Rendered /home/skripatch/.rvm/gems/ruby-1.9.2-p0/gems/actionpack-3.0.3/lib/action_dispatch/middleware/templates/rescues/_request_and_response.erb (19.2ms)
Rendered /home/skripatch/.rvm/gems/ruby-1.9.2-p0/gems/actionpack-3.0.3/lib/action_dispatch/middleware/templates/rescues/diagnostics.erb within rescues/layout (25.0ms)


Started GET "/products" for 127.0.0.1 at 2011-07-05 22:26:19 +0300
  Processing by ProductsController#index as HTML
Completed   in 13ms

Mongo::ConnectionFailure (Failed to connect to a master node at localhost:27017):
  app/controllers/products_controller.rb:5:in `index'

Rendered /home/skripatch/.rvm/gems/ruby-1.9.2-p0/gems/actionpack-3.0.3/lib/action_dispatch/middleware/templates/rescues/_trace.erb (1.3ms)
Rendered /home/skripatch/.rvm/gems/ruby-1.9.2-p0/gems/actionpack-3.0.3/lib/action_dispatch/middleware/templates/rescues/_request_and_response.erb (2.9ms)
Rendered /home/skripatch/.rvm/gems/ruby-1.9.2-p0/gems/actionpack-3.0.3/lib/action_dispatch/middleware/templates/rescues/diagnostics.erb within rescues/layout (7.9ms)


Started GET "/products" for 127.0.0.1 at 2011-07-05 22:32:54 +0300
  Processing by ProductsController#index as HTML
Rendered products/index.html.erb within layouts/products (4.6ms)
Completed 200 OK in 277ms (Views: 15.7ms)
DEPRECATION WARNING: ActionController::Base.cookie_verifier_secret= is deprecated. Please configure it on your application with config.secret_token=. (called from <top (required)> at /media/DATA/Projects/study/Univer/Diplom/Slava/MongoDiplom/config/initializers/cookie_verification_secret.rb:7)
DEPRECATION WARNING: ActionController::Base.session= is deprecated. Please configure it on your application with config.session_store :cookie_store, :key => '....'. (called from <top (required)> at /media/DATA/Projects/study/Univer/Diplom/Slava/MongoDiplom/config/initializers/session_store.rb:7)
DEPRECATION WARNING: You are using the old router DSL which will be removed in Rails 3.1. Please check how to update your routes file at: http://www.engineyard.com/blog/2010/the-lowdown-on-routes-in-rails-3/. (called from <top (required)> at /media/DATA/Projects/study/Univer/Diplom/Slava/MongoDiplom/config/routes.rb:1)


Started GET "/products" for 127.0.0.1 at 2011-07-06 16:47:08 +0300
  Processing by ProductsController#index as HTML
Rendered products/index.html.erb within layouts/products (6.6ms)
Completed 200 OK in 1158ms (Views: 15.0ms)
DEPRECATION WARNING: ActionController::Base.cookie_verifier_secret= is deprecated. Please configure it on your application with config.secret_token=. (called from <top (required)> at /media/DATA/Projects/study/Univer/Diplom/Slava/MongoDiplom/config/initializers/cookie_verification_secret.rb:7)
DEPRECATION WARNING: ActionController::Base.session= is deprecated. Please configure it on your application with config.session_store :cookie_store, :key => '....'. (called from <top (required)> at /media/DATA/Projects/study/Univer/Diplom/Slava/MongoDiplom/config/initializers/session_store.rb:7)
DEPRECATION WARNING: You are using the old router DSL which will be removed in Rails 3.1. Please check how to update your routes file at: http://www.engineyard.com/blog/2010/the-lowdown-on-routes-in-rails-3/. (called from <top (required)> at /media/DATA/Projects/study/Univer/Diplom/Slava/MongoDiplom/config/routes.rb:1)


Started GET "/products" for 127.0.0.1 at 2011-07-06 17:18:50 +0300
  Processing by ProductsController#index as HTML
Rendered products/index.html.erb within layouts/products (7.5ms)
Completed 200 OK in 461ms (Views: 15.8ms)
DEPRECATION WARNING: ActionController::Base.cookie_verifier_secret= is deprecated. Please configure it on your application with config.secret_token=. (called from <top (required)> at /media/DATA/Projects/study/Univer/Diplom/Slava/MongoDiplom/config/initializers/cookie_verification_secret.rb:7)
DEPRECATION WARNING: ActionController::Base.session= is deprecated. Please configure it on your application with config.session_store :cookie_store, :key => '....'. (called from <top (required)> at /media/DATA/Projects/study/Univer/Diplom/Slava/MongoDiplom/config/initializers/session_store.rb:7)
DEPRECATION WARNING: You are using the old router DSL which will be removed in Rails 3.1. Please check how to update your routes file at: http://www.engineyard.com/blog/2010/the-lowdown-on-routes-in-rails-3/. (called from <top (required)> at /media/DATA/Projects/study/Univer/Diplom/Slava/MongoDiplom/config/routes.rb:1)


Started GET "/products" for 127.0.0.1 at 2011-09-18 16:33:16 +0300
  Processing by ProductsController#index as HTML
Rendered products/index.html.erb within layouts/products (4.8ms)
Completed 200 OK in 960ms (Views: 13.5ms)
